/*C3*/SET SCHEMA PUBLIC
\u000a                CREATE TABLE IF NOT EXISTS EMPLOYEES (\u000a                employeeId INTEGER GENERATED BY DEFAULT AS IDENTITY,\u000a                remoteId INTEGER,\u000a                FirstName VARCHAR(64),\u000a                LastName VARCHAR(64),\u000a                ContactNo VARCHAR(15),\u000a                Email VARCHAR(255),\u000a                City VARCHAR(64),\u000a                State VARCHAR(64),\u000a                Zip VARCHAR(10),\u000a                UNIQUE(employeeId)                                  \u000a                )
\u000a                        CREATE INDEX IF NOT EXISTS name\u000a                        ON EMPLOYEES (FirstName, LastName)
INSERT INTO EMPLOYEES VALUES(15,NULL,'Huynh','Tran','1234567890','tanmaypatil@xyz.com','Bangalore','Karnataka','560212')
COMMIT
DISCONNECT
/*C4*/SET SCHEMA PUBLIC
DISCONNECT
/*C5*/SET SCHEMA PUBLIC
\u000a                CREATE TABLE IF NOT EXISTS EMPLOYEES (\u000a                employeeId INTEGER GENERATED BY DEFAULT AS IDENTITY,\u000a                remoteId INTEGER,\u000a                FirstName VARCHAR(64),\u000a                LastName VARCHAR(64),\u000a                ContactNo VARCHAR(15),\u000a                Email VARCHAR(255),\u000a                City VARCHAR(64),\u000a                State VARCHAR(64),\u000a                Zip VARCHAR(10),\u000a                UNIQUE(employeeId)                                  \u000a                )
\u000a                        CREATE INDEX IF NOT EXISTS name\u000a                        ON EMPLOYEES (FirstName, LastName)
DISCONNECT
/*C6*/SET SCHEMA PUBLIC
DISCONNECT
/*C7*/SET SCHEMA PUBLIC
DELETE FROM EMPLOYEES WHERE EMPLOYEEID=15 AND REMOTEID IS NULL AND FIRSTNAME='Huynh' AND LASTNAME='Tran' AND CONTACTNO='1234567890' AND EMAIL='tanmaypatil@xyz.com' AND CITY='Bangalore' AND STATE='Karnataka' AND ZIP='560212'
INSERT INTO EMPLOYEES VALUES(15,17,'Huynh','Tran','1234567890','tanmaypatil@xyz.com','Bangalore','Karnataka','560212')
COMMIT
DISCONNECT
/*C8*/SET SCHEMA PUBLIC
\u000a                CREATE TABLE IF NOT EXISTS EMPLOYEES (\u000a                employeeId INTEGER GENERATED BY DEFAULT AS IDENTITY,\u000a                remoteId INTEGER,\u000a                FirstName VARCHAR(64),\u000a                LastName VARCHAR(64),\u000a                ContactNo VARCHAR(15),\u000a                Email VARCHAR(255),\u000a                City VARCHAR(64),\u000a                State VARCHAR(64),\u000a                Zip VARCHAR(10),\u000a                UNIQUE(employeeId)                                  \u000a                )
\u000a                        CREATE INDEX IF NOT EXISTS name\u000a                        ON EMPLOYEES (FirstName, LastName)
DISCONNECT
/*C9*/SET SCHEMA PUBLIC
DISCONNECT
